['001olUKdJudFmkBtBhyvA0', '0eHOKGVbzG9IOJr7ms7SUZ', '1IWnPp7xIgDjrBUBMSllF4', '1wlnLp7KbW5AHXjhR92YCX', '2b0qb2lz57HGOSIFUtZAH9', '3FF9wbD0NhvitcpIl4475p', '3tUqmAbydo2KL0SUUMSUjU', '4XieM7gM4q0KOSGovlWOcj', '5By1VbLCHynDIbrxsbM0ru', '5qC1dwuKpCkvFogeFF0KYi', '6USnz6BAfGbPXrU7Eh4eEJ', '78hoNFy8QPBCrEq2pt6bC6']
chunk_start:  19960  processing: 5By1VbLCHynDIbrxsbM0ru
chunk_start:  22455  processing: 5qC1dwuKpCkvFogeFF0KYi
chunk_start:  12475  processing: 3FF9wbD0NhvitcpIl4475p
chunk_start:  2495  processing: 0eHOKGVbzG9IOJr7ms7SUZ
chunk_start:  17465  processing: 4XieM7gM4q0KOSGovlWOcj
chunk_start:  24950  processing: 6USnz6BAfGbPXrU7Eh4eEJ
chunk_start:  4990  processing: 1IWnPp7xIgDjrBUBMSllF4
chunk_start:  9980  processing: 2b0qb2lz57HGOSIFUtZAH9
chunk_start:  7485  processing: 1wlnLp7KbW5AHXjhR92YCX
chunk_start:  14970  processing: 3tUqmAbydo2KL0SUUMSUjU
chunk_start:  0  processing: 001olUKdJudFmkBtBhyvA0
chunk_start:  27445  processing: 78hoNFy8QPBCrEq2pt6bC6
ret-27445-78hoNFy8QPBCrEq2pt6bC6
['001olUKdJudFmkBtBhyvA0', '0eHOKGVbzG9IOJr7ms7SUZ', '1IWnPp7xIgDjrBUBMSllF4', '1wlnLp7KbW5AHXjhR92YCX', '2b0qb2lz57HGOSIFUtZAH9', '3FF9wbD0NhvitcpIl4475p', '3tUqmAbydo2KL0SUUMSUjU', '4XieM7gM4q0KOSGovlWOcj', '5By1VbLCHynDIbrxsbM0ru', '5qC1dwuKpCkvFogeFF0KYi', '6USnz6BAfGbPXrU7Eh4eEJ', '78hoNFy8QPBCrEq2pt6bC6']
chunk_start:  19960  processing: 5By1VbLCHynDIbrxsbM0ru
chunk_start:  22455  processing: 5qC1dwuKpCkvFogeFF0KYi
chunk_start:  12475  processing: 3FF9wbD0NhvitcpIl4475p
chunk_start:  2495  processing: 0eHOKGVbzG9IOJr7ms7SUZ
chunk_start:  17465  processing: 4XieM7gM4q0KOSGovlWOcj
chunk_start:  4990  processing: 1IWnPp7xIgDjrBUBMSllF4
chunk_start:  24950  processing: 6USnz6BAfGbPXrU7Eh4eEJ
chunk_start:  7485  processing: 1wlnLp7KbW5AHXjhR92YCX
chunk_start:  27445  processing: 78hoNFy8QPBCrEq2pt6bC6
chunk_start:  0  processing: 001olUKdJudFmkBtBhyvA0
chunk_start:  9980  processing: 2b0qb2lz57HGOSIFUtZAH9
chunk_start:  14970  processing: 3tUqmAbydo2KL0SUUMSUjU
ret-27445-78hoNFy8QPBCrEq2pt6bC6
['001olUKdJudFmkBtBhyvA0', '0eHOKGVbzG9IOJr7ms7SUZ', '1IWnPp7xIgDjrBUBMSllF4', '1wlnLp7KbW5AHXjhR92YCX', '2b0qb2lz57HGOSIFUtZAH9', '3FF9wbD0NhvitcpIl4475p', '3tUqmAbydo2KL0SUUMSUjU', '4XieM7gM4q0KOSGovlWOcj', '5By1VbLCHynDIbrxsbM0ru', '5qC1dwuKpCkvFogeFF0KYi', '6USnz6BAfGbPXrU7Eh4eEJ', '78hoNFy8QPBCrEq2pt6bC6']
chunk_start:  19960  processing: 5By1VbLCHynDIbrxsbM0ru
chunk_start:  22455  processing: 5qC1dwuKpCkvFogeFF0KYi
chunk_start:  12475  processing: 3FF9wbD0NhvitcpIl4475p
chunk_start:  2495  processing: 0eHOKGVbzG9IOJr7ms7SUZ
chunk_start:  17465  processing: 4XieM7gM4q0KOSGovlWOcj
chunk_start:  24950  processing: 6USnz6BAfGbPXrU7Eh4eEJ
chunk_start:  4990  processing: 1IWnPp7xIgDjrBUBMSllF4
chunk_start:  9980  processing: 2b0qb2lz57HGOSIFUtZAH9
chunk_start:  7485  processing: 1wlnLp7KbW5AHXjhR92YCX
chunk_start:  27445  processing: 78hoNFy8QPBCrEq2pt6bC6
chunk_start:  14970  processing: 3tUqmAbydo2KL0SUUMSUjU
chunk_start:  0  processing: 001olUKdJudFmkBtBhyvA0
ret-27445-78hoNFy8QPBCrEq2pt6bC6
