DEBUG:root:[Errno 2] No such file or directory: '/home/tripptd/spotify/audio_analysis/7ZK/'
DEBUG:root:[Errno 2] No such file or directory: '/home/tripptd/spotify/audio_analysis/7YO/'
DEBUG:root:[Errno 2] No such file or directory: '/home/tripptd/spotify/audio_analysis/7WK/'
DEBUG:root:[Errno 2] No such file or directory: '/home/tripptd/spotify/audio_analysis/7QP/'
DEBUG:root:[Errno 2] No such file or directory: '/home/tripptd/spotify/audio_analysis/7QX/'
DEBUG:root:[Errno 2] No such file or directory: '/home/tripptd/spotify/audio_analysis/7Zw/'
DEBUG:root:[Errno 2] No such file or directory: '/home/tripptd/spotify/audio_analysis/7PT/'
DEBUG:root:[Errno 2] No such file or directory: '/home/tripptd/spotify/audio_analysis/7We/'
DEBUG:root:[Errno 2] No such file or directory: '/home/tripptd/spotify/audio_analysis/7Vr/'
DEBUG:root:[Errno 2] No such file or directory: '/home/tripptd/spotify/audio_analysis/7Wg/'
DEBUG:root:[Errno 2] No such file or directory: '/home/tripptd/spotify/audio_analysis/7N7/'
DEBUG:root:[Errno 2] No such file or directory: '/home/tripptd/spotify/audio_analysis/7Qk/'
DEBUG:root:[Errno 2] No such file or directory: '/home/tripptd/spotify/audio_analysis/7Xg/'
DEBUG:root:[Errno 2] No such file or directory: '/home/tripptd/spotify/audio_analysis/7Nf/'
DEBUG:root:[Errno 2] No such file or directory: '/home/tripptd/spotify/audio_analysis/7TU/'
DEBUG:root:[Errno 2] No such file or directory: '/home/tripptd/spotify/audio_analysis/7RB/'
DEBUG:root:[Errno 2] No such file or directory: '/home/tripptd/spotify/audio_analysis/7T2/'
DEBUG:root:Not a gzipped file (b'{"')
DEBUG:root:[Errno 2] No such file or directory: '/home/tripptd/spotify/audio_analysis/7UB/'
DEBUG:root:[Errno 2] No such file or directory: '/home/tripptd/spotify/audio_analysis/7PV/'
DEBUG:root:[Errno 2] No such file or directory: '/home/tripptd/spotify/audio_analysis/7RH/'
DEBUG:root:[Errno 2] No such file or directory: '/home/tripptd/spotify/audio_analysis/7Z0/'
DEBUG:root:[Errno 2] No such file or directory: '/home/tripptd/spotify/audio_analysis/7Or/'
DEBUG:root:[Errno 2] No such file or directory: '/home/tripptd/spotify/audio_analysis/7Um/'
DEBUG:root:[Errno 2] No such file or directory: '/home/tripptd/spotify/audio_analysis/7YS/'
DEBUG:root:[Errno 2] No such file or directory: '/home/tripptd/spotify/audio_analysis/7UC/'
DEBUG:root:[Errno 2] No such file or directory: '/home/tripptd/spotify/audio_analysis/7Y9/'
DEBUG:root:[Errno 2] No such file or directory: '/home/tripptd/spotify/audio_analysis/7Pj/'
DEBUG:root:[Errno 2] No such file or directory: '/home/tripptd/spotify/audio_analysis/7Zm/'
DEBUG:root:[Errno 2] No such file or directory: '/home/tripptd/spotify/audio_analysis/7XR/'
DEBUG:root:[Errno 2] No such file or directory: '/home/tripptd/spotify/audio_analysis/7SQ/'
DEBUG:root:[Errno 2] No such file or directory: '/home/tripptd/spotify/audio_analysis/7V7/'
DEBUG:root:[Errno 2] No such file or directory: '/home/tripptd/spotify/audio_analysis/7US/'
DEBUG:root:[Errno 2] No such file or directory: '/home/tripptd/spotify/audio_analysis/7Pr/'
DEBUG:root:[Errno 2] No such file or directory: '/home/tripptd/spotify/audio_analysis/7X1/'
DEBUG:root:[Errno 2] No such file or directory: '/home/tripptd/spotify/audio_analysis/7WZ/'
DEBUG:root:[Errno 2] No such file or directory: '/home/tripptd/spotify/audio_analysis/7SY/'
DEBUG:root:[Errno 2] No such file or directory: '/home/tripptd/spotify/audio_analysis/7U0/'
DEBUG:root:[Errno 2] No such file or directory: '/home/tripptd/spotify/audio_analysis/7OE/'
DEBUG:root:[Errno 2] No such file or directory: '/home/tripptd/spotify/audio_analysis/7OW/'
DEBUG:root:[Errno 2] No such file or directory: '/home/tripptd/spotify/audio_analysis/7SE/'
DEBUG:root:[Errno 2] No such file or directory: '/home/tripptd/spotify/audio_analysis/7ND/'
DEBUG:root:[Errno 2] No such file or directory: '/home/tripptd/spotify/audio_analysis/7RS/'
DEBUG:root:[Errno 2] No such file or directory: '/home/tripptd/spotify/audio_analysis/7OI/'
DEBUG:root:[Errno 2] No such file or directory: '/home/tripptd/spotify/audio_analysis/7U0/'
DEBUG:root:[Errno 2] No such file or directory: '/home/tripptd/spotify/audio_analysis/7RZ/'
DEBUG:root:[Errno 2] No such file or directory: '/home/tripptd/spotify/audio_analysis/7WJ/'
DEBUG:root:[Errno 2] No such file or directory: '/home/tripptd/spotify/audio_analysis/7Xc/'
DEBUG:root:[Errno 2] No such file or directory: '/home/tripptd/spotify/audio_analysis/7Z0/'
DEBUG:root:[Errno 2] No such file or directory: '/home/tripptd/spotify/audio_analysis/7Wg/'
DEBUG:root:[Errno 2] No such file or directory: '/home/tripptd/spotify/audio_analysis/7Sb/'
DEBUG:root:[Errno 2] No such file or directory: '/home/tripptd/spotify/audio_analysis/7X9/'
DEBUG:root:[Errno 2] No such file or directory: '/home/tripptd/spotify/audio_analysis/7OI/'
DEBUG:root:[Errno 2] No such file or directory: '/home/tripptd/spotify/audio_analysis/7U7/'
DEBUG:root:[Errno 2] No such file or directory: '/home/tripptd/spotify/audio_analysis/7XT/'
DEBUG:root:[Errno 2] No such file or directory: '/home/tripptd/spotify/audio_analysis/7T4/'
DEBUG:root:[Errno 2] No such file or directory: '/home/tripptd/spotify/audio_analysis/7TL/'
DEBUG:root:[Errno 2] No such file or directory: '/home/tripptd/spotify/audio_analysis/7Qf/'
DEBUG:root:[Errno 2] No such file or directory: '/home/tripptd/spotify/audio_analysis/7SA/'
DEBUG:root:[Errno 2] No such file or directory: '/home/tripptd/spotify/audio_analysis/7Na/'
DEBUG:root:[Errno 2] No such file or directory: '/home/tripptd/spotify/audio_analysis/7Wu/'
DEBUG:root:[Errno 2] No such file or directory: '/home/tripptd/spotify/audio_analysis/7S5/'
DEBUG:root:[Errno 2] No such file or directory: '/home/tripptd/spotify/audio_analysis/7SP/'
DEBUG:root:[Errno 2] No such file or directory: '/home/tripptd/spotify/audio_analysis/7X4/'
DEBUG:root:[Errno 2] No such file or directory: '/home/tripptd/spotify/audio_analysis/7Qv/'
DEBUG:root:[Errno 2] No such file or directory: '/home/tripptd/spotify/audio_analysis/7Pg/'
DEBUG:root:[Errno 2] No such file or directory: '/home/tripptd/spotify/audio_analysis/7VJ/'
DEBUG:root:[Errno 2] No such file or directory: '/home/tripptd/spotify/audio_analysis/7Sz/'
DEBUG:root:[Errno 2] No such file or directory: '/home/tripptd/spotify/audio_analysis/7OP/'
DEBUG:root:[Errno 2] No such file or directory: '/home/tripptd/spotify/audio_analysis/7Qv/'
DEBUG:root:[Errno 2] No such file or directory: '/home/tripptd/spotify/audio_analysis/7Rx/'
DEBUG:root:[Errno 2] No such file or directory: '/home/tripptd/spotify/audio_analysis/7OW/'
DEBUG:root:[Errno 2] No such file or directory: '/home/tripptd/spotify/audio_analysis/7Xg/'
DEBUG:root:[Errno 2] No such file or directory: '/home/tripptd/spotify/audio_analysis/7Xk/'
DEBUG:root:[Errno 2] No such file or directory: '/home/tripptd/spotify/audio_analysis/7U7/'
DEBUG:root:[Errno 2] No such file or directory: '/home/tripptd/spotify/audio_analysis/7W4/'
DEBUG:root:[Errno 2] No such file or directory: '/home/tripptd/spotify/audio_analysis/7TN/'
DEBUG:root:[Errno 2] No such file or directory: '/home/tripptd/spotify/audio_analysis/7Uf/'
DEBUG:root:[Errno 2] No such file or directory: '/home/tripptd/spotify/audio_analysis/7TS/'
DEBUG:root:[Errno 2] No such file or directory: '/home/tripptd/spotify/audio_analysis/7YM/'
DEBUG:root:[Errno 2] No such file or directory: '/home/tripptd/spotify/audio_analysis/7Q8/'
DEBUG:root:[Errno 2] No such file or directory: '/home/tripptd/spotify/audio_analysis/7TB/'
DEBUG:root:[Errno 2] No such file or directory: '/home/tripptd/spotify/audio_analysis/7Vu/'
DEBUG:root:[Errno 2] No such file or directory: '/home/tripptd/spotify/audio_analysis/7NG/'
DEBUG:root:[Errno 2] No such file or directory: '/home/tripptd/spotify/audio_analysis/7Uy/'
DEBUG:root:[Errno 2] No such file or directory: '/home/tripptd/spotify/audio_analysis/7Z8/'
DEBUG:root:[Errno 2] No such file or directory: '/home/tripptd/spotify/audio_analysis/7Nz/'
DEBUG:root:[Errno 2] No such file or directory: '/home/tripptd/spotify/audio_analysis/7NT/'
DEBUG:root:[Errno 2] No such file or directory: '/home/tripptd/spotify/audio_analysis/7Yb/'
DEBUG:root:[Errno 2] No such file or directory: '/home/tripptd/spotify/audio_analysis/7PW/'
DEBUG:root:[Errno 2] No such file or directory: '/home/tripptd/spotify/audio_analysis/7SY/'
DEBUG:root:[Errno 2] No such file or directory: '/home/tripptd/spotify/audio_analysis/7Sx/'
DEBUG:root:[Errno 2] No such file or directory: '/home/tripptd/spotify/audio_analysis/7Yh/'
DEBUG:root:[Errno 2] No such file or directory: '/home/tripptd/spotify/audio_analysis/7Yd/'
DEBUG:root:[Errno 2] No such file or directory: '/home/tripptd/spotify/audio_analysis/7P0/'
DEBUG:root:[Errno 2] No such file or directory: '/home/tripptd/spotify/audio_analysis/7Vd/'
DEBUG:root:[Errno 2] No such file or directory: '/home/tripptd/spotify/audio_analysis/7Ui/'
DEBUG:root:[Errno 2] No such file or directory: '/home/tripptd/spotify/audio_analysis/7Pl/'
DEBUG:root:[Errno 2] No such file or directory: '/home/tripptd/spotify/audio_analysis/7UE/'
DEBUG:root:[Errno 2] No such file or directory: '/home/tripptd/spotify/audio_analysis/7PQ/'
DEBUG:root:[Errno 2] No such file or directory: '/home/tripptd/spotify/audio_analysis/7Qs/'
DEBUG:root:[Errno 2] No such file or directory: '/home/tripptd/spotify/audio_analysis/7Np/'
DEBUG:root:[Errno 2] No such file or directory: '/home/tripptd/spotify/audio_analysis/7OK/'
DEBUG:root:[Errno 2] No such file or directory: '/home/tripptd/spotify/audio_analysis/7W2/'
DEBUG:root:[Errno 2] No such file or directory: '/home/tripptd/spotify/audio_analysis/7RJ/'
DEBUG:root:[Errno 2] No such file or directory: '/home/tripptd/spotify/audio_analysis/7YQ/'
DEBUG:root:[Errno 2] No such file or directory: '/home/tripptd/spotify/audio_analysis/7Rt/'
DEBUG:root:[Errno 2] No such file or directory: '/home/tripptd/spotify/audio_analysis/7Vy/'
DEBUG:root:[Errno 2] No such file or directory: '/home/tripptd/spotify/audio_analysis/7QT/'
DEBUG:root:[Errno 2] No such file or directory: '/home/tripptd/spotify/audio_analysis/7VP/'
DEBUG:root:[Errno 2] No such file or directory: '/home/tripptd/spotify/audio_analysis/7XF/'
DEBUG:root:[Errno 2] No such file or directory: '/home/tripptd/spotify/audio_analysis/7SY/'
DEBUG:root:[Errno 2] No such file or directory: '/home/tripptd/spotify/audio_analysis/7Yd/'
DEBUG:root:[Errno 2] No such file or directory: '/home/tripptd/spotify/audio_analysis/7Qz/'
DEBUG:root:[Errno 2] No such file or directory: '/home/tripptd/spotify/audio_analysis/7U9/'
DEBUG:root:[Errno 2] No such file or directory: '/home/tripptd/spotify/audio_analysis/7ZQ/'
DEBUG:root:[Errno 2] No such file or directory: '/home/tripptd/spotify/audio_analysis/7W0/'
DEBUG:root:[Errno 2] No such file or directory: '/home/tripptd/spotify/audio_analysis/7YZ/'
DEBUG:root:[Errno 2] No such file or directory: '/home/tripptd/spotify/audio_analysis/7Yk/'
DEBUG:root:[Errno 2] No such file or directory: '/home/tripptd/spotify/audio_analysis/7Ty/'
DEBUG:root:[Errno 2] No such file or directory: '/home/tripptd/spotify/audio_analysis/7O5/'
DEBUG:root:[Errno 2] No such file or directory: '/home/tripptd/spotify/audio_analysis/7Tw/'
DEBUG:root:[Errno 2] No such file or directory: '/home/tripptd/spotify/audio_analysis/7YV/'
DEBUG:root:[Errno 2] No such file or directory: '/home/tripptd/spotify/audio_analysis/7ZK/'
DEBUG:root:[Errno 2] No such file or directory: '/home/tripptd/spotify/audio_analysis/7W9/'
DEBUG:root:[Errno 2] No such file or directory: '/home/tripptd/spotify/audio_analysis/7XF/'
DEBUG:root:[Errno 2] No such file or directory: '/home/tripptd/spotify/audio_analysis/7SY/'
DEBUG:root:[Errno 2] No such file or directory: '/home/tripptd/spotify/audio_analysis/7VX/'
DEBUG:root:[Errno 2] No such file or directory: '/home/tripptd/spotify/audio_analysis/7Z3/'
DEBUG:root:[Errno 2] No such file or directory: '/home/tripptd/spotify/audio_analysis/7Ww/'
DEBUG:root:[Errno 2] No such file or directory: '/home/tripptd/spotify/audio_analysis/7Ph/'
DEBUG:root:[Errno 2] No such file or directory: '/home/tripptd/spotify/audio_analysis/7XR/'
DEBUG:root:[Errno 2] No such file or directory: '/home/tripptd/spotify/audio_analysis/7PS/'
DEBUG:root:[Errno 2] No such file or directory: '/home/tripptd/spotify/audio_analysis/7Qh/'
DEBUG:root:[Errno 2] No such file or directory: '/home/tripptd/spotify/audio_analysis/7Oq/'
DEBUG:root:[Errno 2] No such file or directory: '/home/tripptd/spotify/audio_analysis/7XL/'
DEBUG:root:[Errno 2] No such file or directory: '/home/tripptd/spotify/audio_analysis/7Us/'
DEBUG:root:[Errno 2] No such file or directory: '/home/tripptd/spotify/audio_analysis/7XJ/'
DEBUG:root:[Errno 2] No such file or directory: '/home/tripptd/spotify/audio_analysis/7Q9/'
DEBUG:root:[Errno 2] No such file or directory: '/home/tripptd/spotify/audio_analysis/7YJ/'
DEBUG:root:[Errno 2] No such file or directory: '/home/tripptd/spotify/audio_analysis/7PW/'
DEBUG:root:[Errno 2] No such file or directory: '/home/tripptd/spotify/audio_analysis/7Os/'
DEBUG:root:[Errno 2] No such file or directory: '/home/tripptd/spotify/audio_analysis/7PN/'
DEBUG:root:[Errno 2] No such file or directory: '/home/tripptd/spotify/audio_analysis/7Yd/'
DEBUG:root:[Errno 2] No such file or directory: '/home/tripptd/spotify/audio_analysis/7Wf/'
DEBUG:root:[Errno 2] No such file or directory: '/home/tripptd/spotify/audio_analysis/7Qk/'
DEBUG:root:[Errno 2] No such file or directory: '/home/tripptd/spotify/audio_analysis/7S6/'
DEBUG:root:[Errno 2] No such file or directory: '/home/tripptd/spotify/audio_analysis/7R7/'
DEBUG:root:[Errno 2] No such file or directory: '/home/tripptd/spotify/audio_analysis/7UE/'
DEBUG:root:[Errno 2] No such file or directory: '/home/tripptd/spotify/audio_analysis/7Pi/'
DEBUG:root:[Errno 2] No such file or directory: '/home/tripptd/spotify/audio_analysis/7TY/'
DEBUG:root:[Errno 2] No such file or directory: '/home/tripptd/spotify/audio_analysis/7ZG/'
DEBUG:root:[Errno 2] No such file or directory: '/home/tripptd/spotify/audio_analysis/7XI/'
DEBUG:root:[Errno 2] No such file or directory: '/home/tripptd/spotify/audio_analysis/7WL/'
DEBUG:root:[Errno 2] No such file or directory: '/home/tripptd/spotify/audio_analysis/7OW/'
DEBUG:root:[Errno 2] No such file or directory: '/home/tripptd/spotify/audio_analysis/7VM/'
DEBUG:root:[Errno 2] No such file or directory: '/home/tripptd/spotify/audio_analysis/7Zg/'
DEBUG:root:[Errno 2] No such file or directory: '/home/tripptd/spotify/audio_analysis/7Rl/'
DEBUG:root:[Errno 2] No such file or directory: '/home/tripptd/spotify/audio_analysis/7Wy/'
DEBUG:root:[Errno 2] No such file or directory: '/home/tripptd/spotify/audio_analysis/7QJ/'
DEBUG:root:[Errno 2] No such file or directory: '/home/tripptd/spotify/audio_analysis/7We/'
DEBUG:root:[Errno 2] No such file or directory: '/home/tripptd/spotify/audio_analysis/7RB/'
DEBUG:root:[Errno 2] No such file or directory: '/home/tripptd/spotify/audio_analysis/7Us/'
DEBUG:root:[Errno 2] No such file or directory: '/home/tripptd/spotify/audio_analysis/7RH/'
DEBUG:root:[Errno 2] No such file or directory: '/home/tripptd/spotify/audio_analysis/7Xz/'
DEBUG:root:[Errno 2] No such file or directory: '/home/tripptd/spotify/audio_analysis/7RC/'
DEBUG:root:Not a gzipped file (b'{"')
DEBUG:root:[Errno 2] No such file or directory: '/home/tripptd/spotify/audio_analysis/7Zj/'
DEBUG:root:[Errno 2] No such file or directory: '/home/tripptd/spotify/audio_analysis/7Zq/'
DEBUG:root:[Errno 2] No such file or directory: '/home/tripptd/spotify/audio_analysis/7YF/'
DEBUG:root:[Errno 2] No such file or directory: '/home/tripptd/spotify/audio_analysis/7XZ/'
DEBUG:root:[Errno 2] No such file or directory: '/home/tripptd/spotify/audio_analysis/7Pm/'
DEBUG:root:[Errno 2] No such file or directory: '/home/tripptd/spotify/audio_analysis/7Yh/'
DEBUG:root:[Errno 2] No such file or directory: '/home/tripptd/spotify/audio_analysis/7Ot/'
DEBUG:root:'segments'
DEBUG:root:[Errno 2] No such file or directory: '/home/tripptd/spotify/audio_analysis/7NX/'
DEBUG:root:[Errno 2] No such file or directory: '/home/tripptd/spotify/audio_analysis/7OL/'
DEBUG:root:[Errno 2] No such file or directory: '/home/tripptd/spotify/audio_analysis/7XU/'
DEBUG:root:[Errno 2] No such file or directory: '/home/tripptd/spotify/audio_analysis/7Rs/'
DEBUG:root:[Errno 2] No such file or directory: '/home/tripptd/spotify/audio_analysis/7R1/'
DEBUG:root:[Errno 2] No such file or directory: '/home/tripptd/spotify/audio_analysis/7Wn/'
DEBUG:root:[Errno 2] No such file or directory: '/home/tripptd/spotify/audio_analysis/7Se/'
DEBUG:root:[Errno 2] No such file or directory: '/home/tripptd/spotify/audio_analysis/7Vd/'
DEBUG:root:[Errno 2] No such file or directory: '/home/tripptd/spotify/audio_analysis/7SE/'
DEBUG:root:[Errno 2] No such file or directory: '/home/tripptd/spotify/audio_analysis/7Pi/'
DEBUG:root:[Errno 2] No such file or directory: '/home/tripptd/spotify/audio_analysis/7PO/'
DEBUG:root:[Errno 2] No such file or directory: '/home/tripptd/spotify/audio_analysis/7UM/'
DEBUG:root:[Errno 2] No such file or directory: '/home/tripptd/spotify/audio_analysis/7Y7/'
DEBUG:root:[Errno 2] No such file or directory: '/home/tripptd/spotify/audio_analysis/7Qp/'
DEBUG:root:[Errno 2] No such file or directory: '/home/tripptd/spotify/audio_analysis/7XH/'
DEBUG:root:[Errno 2] No such file or directory: '/home/tripptd/spotify/audio_analysis/7Pn/'
DEBUG:root:[Errno 2] No such file or directory: '/home/tripptd/spotify/audio_analysis/7Ok/'
DEBUG:root:[Errno 2] No such file or directory: '/home/tripptd/spotify/audio_analysis/7W8/'
DEBUG:root:[Errno 2] No such file or directory: '/home/tripptd/spotify/audio_analysis/7Z2/'
DEBUG:root:[Errno 2] No such file or directory: '/home/tripptd/spotify/audio_analysis/7Oh/'
DEBUG:root:[Errno 2] No such file or directory: '/home/tripptd/spotify/audio_analysis/7RO/'
DEBUG:root:[Errno 2] No such file or directory: '/home/tripptd/spotify/audio_analysis/7St/'
DEBUG:root:[Errno 2] No such file or directory: '/home/tripptd/spotify/audio_analysis/7Sj/'
DEBUG:root:[Errno 2] No such file or directory: '/home/tripptd/spotify/audio_analysis/7S5/'
DEBUG:root:[Errno 2] No such file or directory: '/home/tripptd/spotify/audio_analysis/7TN/'
DEBUG:root:[Errno 2] No such file or directory: '/home/tripptd/spotify/audio_analysis/7YB/'
DEBUG:root:[Errno 2] No such file or directory: '/home/tripptd/spotify/audio_analysis/7Ov/'
DEBUG:root:[Errno 2] No such file or directory: '/home/tripptd/spotify/audio_analysis/7Nh/'
DEBUG:root:[Errno 2] No such file or directory: '/home/tripptd/spotify/audio_analysis/7Tz/'
DEBUG:root:[Errno 2] No such file or directory: '/home/tripptd/spotify/audio_analysis/7Pa/'
DEBUG:root:[Errno 2] No such file or directory: '/home/tripptd/spotify/audio_analysis/7YV/'
DEBUG:root:[Errno 2] No such file or directory: '/home/tripptd/spotify/audio_analysis/7TY/'
DEBUG:root:[Errno 2] No such file or directory: '/home/tripptd/spotify/audio_analysis/7Ze/'
DEBUG:root:[Errno 2] No such file or directory: '/home/tripptd/spotify/audio_analysis/7Nq/'
DEBUG:root:[Errno 2] No such file or directory: '/home/tripptd/spotify/audio_analysis/7TD/'
DEBUG:root:[Errno 2] No such file or directory: '/home/tripptd/spotify/audio_analysis/7Wa/'
DEBUG:root:[Errno 2] No such file or directory: '/home/tripptd/spotify/audio_analysis/7UD/'
DEBUG:root:[Errno 2] No such file or directory: '/home/tripptd/spotify/audio_analysis/7Vg/'
DEBUG:root:[Errno 2] No such file or directory: '/home/tripptd/spotify/audio_analysis/7PS/'
DEBUG:root:[Errno 2] No such file or directory: '/home/tripptd/spotify/audio_analysis/7Zw/'
DEBUG:root:[Errno 2] No such file or directory: '/home/tripptd/spotify/audio_analysis/7OS/'
DEBUG:root:[Errno 2] No such file or directory: '/home/tripptd/spotify/audio_analysis/7VG/'
DEBUG:root:[Errno 2] No such file or directory: '/home/tripptd/spotify/audio_analysis/7Sw/'
DEBUG:root:[Errno 2] No such file or directory: '/home/tripptd/spotify/audio_analysis/7V0/'
DEBUG:root:[Errno 2] No such file or directory: '/home/tripptd/spotify/audio_analysis/7Pj/'
DEBUG:root:[Errno 2] No such file or directory: '/home/tripptd/spotify/audio_analysis/7UW/'
DEBUG:root:[Errno 2] No such file or directory: '/home/tripptd/spotify/audio_analysis/7UT/'
DEBUG:root:[Errno 2] No such file or directory: '/home/tripptd/spotify/audio_analysis/7Pp/'
DEBUG:root:[Errno 2] No such file or directory: '/home/tripptd/spotify/audio_analysis/7Oy/'
DEBUG:root:[Errno 2] No such file or directory: '/home/tripptd/spotify/audio_analysis/7NO/'
DEBUG:root:[Errno 2] No such file or directory: '/home/tripptd/spotify/audio_analysis/7QQ/'
DEBUG:root:[Errno 2] No such file or directory: '/home/tripptd/spotify/audio_analysis/7TP/'
DEBUG:root:[Errno 2] No such file or directory: '/home/tripptd/spotify/audio_analysis/7ZU/'
DEBUG:root:[Errno 2] No such file or directory: '/home/tripptd/spotify/audio_analysis/7Um/'
DEBUG:root:[Errno 2] No such file or directory: '/home/tripptd/spotify/audio_analysis/7Yd/'
DEBUG:root:Not a gzipped file (b'{"')
DEBUG:root:[Errno 2] No such file or directory: '/home/tripptd/spotify/audio_analysis/7Zc/'
DEBUG:root:[Errno 2] No such file or directory: '/home/tripptd/spotify/audio_analysis/7RN/'
DEBUG:root:[Errno 2] No such file or directory: '/home/tripptd/spotify/audio_analysis/7PU/'
DEBUG:root:[Errno 2] No such file or directory: '/home/tripptd/spotify/audio_analysis/7XZ/'
DEBUG:root:[Errno 2] No such file or directory: '/home/tripptd/spotify/audio_analysis/7Uo/'
DEBUG:root:[Errno 2] No such file or directory: '/home/tripptd/spotify/audio_analysis/7T6/'
DEBUG:root:[Errno 2] No such file or directory: '/home/tripptd/spotify/audio_analysis/7Wh/'
DEBUG:root:[Errno 2] No such file or directory: '/home/tripptd/spotify/audio_analysis/7Z2/'
DEBUG:root:[Errno 2] No such file or directory: '/home/tripptd/spotify/audio_analysis/7Ou/'
DEBUG:root:[Errno 2] No such file or directory: '/home/tripptd/spotify/audio_analysis/7Ok/'
DEBUG:root:[Errno 2] No such file or directory: '/home/tripptd/spotify/audio_analysis/7Y4/'
DEBUG:root:[Errno 2] No such file or directory: '/home/tripptd/spotify/audio_analysis/7On/'
DEBUG:root:[Errno 2] No such file or directory: '/home/tripptd/spotify/audio_analysis/7T5/'
DEBUG:root:[Errno 2] No such file or directory: '/home/tripptd/spotify/audio_analysis/7Ss/'
DEBUG:root:[Errno 2] No such file or directory: '/home/tripptd/spotify/audio_analysis/7UE/'
DEBUG:root:[Errno 2] No such file or directory: '/home/tripptd/spotify/audio_analysis/7Om/'
DEBUG:root:[Errno 2] No such file or directory: '/home/tripptd/spotify/audio_analysis/7Wp/'
DEBUG:root:[Errno 2] No such file or directory: '/home/tripptd/spotify/audio_analysis/7T4/'
DEBUG:root:[Errno 2] No such file or directory: '/home/tripptd/spotify/audio_analysis/7Sk/'
DEBUG:root:[Errno 2] No such file or directory: '/home/tripptd/spotify/audio_analysis/7Oi/'
DEBUG:root:[Errno 2] No such file or directory: '/home/tripptd/spotify/audio_analysis/7Yb/'
DEBUG:root:[Errno 2] No such file or directory: '/home/tripptd/spotify/audio_analysis/7ZC/'
DEBUG:root:[Errno 2] No such file or directory: '/home/tripptd/spotify/audio_analysis/7Uz/'
DEBUG:root:[Errno 2] No such file or directory: '/home/tripptd/spotify/audio_analysis/7Tp/'
DEBUG:root:[Errno 2] No such file or directory: '/home/tripptd/spotify/audio_analysis/7P6/'
DEBUG:root:[Errno 2] No such file or directory: '/home/tripptd/spotify/audio_analysis/7ON/'
DEBUG:root:[Errno 2] No such file or directory: '/home/tripptd/spotify/audio_analysis/7O6/'
DEBUG:root:Not a gzipped file (b'{"')
DEBUG:root:[Errno 2] No such file or directory: '/home/tripptd/spotify/audio_analysis/7NC/'
DEBUG:root:[Errno 2] No such file or directory: '/home/tripptd/spotify/audio_analysis/7OC/'
DEBUG:root:[Errno 2] No such file or directory: '/home/tripptd/spotify/audio_analysis/7Ur/'
DEBUG:root:[Errno 2] No such file or directory: '/home/tripptd/spotify/audio_analysis/7PQ/'
DEBUG:root:[Errno 2] No such file or directory: '/home/tripptd/spotify/audio_analysis/7Wh/'
DEBUG:root:[Errno 2] No such file or directory: '/home/tripptd/spotify/audio_analysis/7T2/'
DEBUG:root:[Errno 2] No such file or directory: '/home/tripptd/spotify/audio_analysis/7XI/'
DEBUG:root:[Errno 2] No such file or directory: '/home/tripptd/spotify/audio_analysis/7OO/'
DEBUG:root:[Errno 2] No such file or directory: '/home/tripptd/spotify/audio_analysis/7Q8/'
DEBUG:root:[Errno 2] No such file or directory: '/home/tripptd/spotify/audio_analysis/7WW/'
DEBUG:root:[Errno 2] No such file or directory: '/home/tripptd/spotify/audio_analysis/7Ra/'
DEBUG:root:1qrJ1PR7FCE1zUi7meMC9D_total_10000_missed_5
DEBUG:root:[Errno 2] No such file or directory: '/home/tripptd/spotify/audio_analysis/7SC/'
DEBUG:root:[Errno 2] No such file or directory: '/home/tripptd/spotify/audio_analysis/7Qg/'
DEBUG:root:[Errno 2] No such file or directory: '/home/tripptd/spotify/audio_analysis/7SY/'
DEBUG:root:[Errno 2] No such file or directory: '/home/tripptd/spotify/audio_analysis/7VH/'
DEBUG:root:[Errno 2] No such file or directory: '/home/tripptd/spotify/audio_analysis/7Zd/'
DEBUG:root:[Errno 2] No such file or directory: '/home/tripptd/spotify/audio_analysis/7XC/'
DEBUG:root:[Errno 2] No such file or directory: '/home/tripptd/spotify/audio_analysis/7Tl/'
DEBUG:root:[Errno 2] No such file or directory: '/home/tripptd/spotify/audio_analysis/7Ra/'
DEBUG:root:[Errno 2] No such file or directory: '/home/tripptd/spotify/audio_analysis/7XQ/'
DEBUG:root:[Errno 2] No such file or directory: '/home/tripptd/spotify/audio_analysis/7SU/'
DEBUG:root:[Errno 2] No such file or directory: '/home/tripptd/spotify/audio_analysis/7Rd/'
DEBUG:root:[Errno 2] No such file or directory: '/home/tripptd/spotify/audio_analysis/7P1/'
DEBUG:root:[Errno 2] No such file or directory: '/home/tripptd/spotify/audio_analysis/7S8/'
DEBUG:root:[Errno 2] No such file or directory: '/home/tripptd/spotify/audio_analysis/7UI/'
DEBUG:root:[Errno 2] No such file or directory: '/home/tripptd/spotify/audio_analysis/7Xt/'
DEBUG:root:[Errno 2] No such file or directory: '/home/tripptd/spotify/audio_analysis/7YE/'
DEBUG:root:[Errno 2] No such file or directory: '/home/tripptd/spotify/audio_analysis/7NZ/'
DEBUG:root:[Errno 2] No such file or directory: '/home/tripptd/spotify/audio_analysis/7Vl/'
DEBUG:root:[Errno 2] No such file or directory: '/home/tripptd/spotify/audio_analysis/7N5/'
DEBUG:root:[Errno 2] No such file or directory: '/home/tripptd/spotify/audio_analysis/7Rj/'
DEBUG:root:[Errno 2] No such file or directory: '/home/tripptd/spotify/audio_analysis/7TI/'
DEBUG:root:[Errno 2] No such file or directory: '/home/tripptd/spotify/audio_analysis/7ZH/'
DEBUG:root:[Errno 2] No such file or directory: '/home/tripptd/spotify/audio_analysis/7PE/'
DEBUG:root:[Errno 2] No such file or directory: '/home/tripptd/spotify/audio_analysis/7XL/'
DEBUG:root:[Errno 2] No such file or directory: '/home/tripptd/spotify/audio_analysis/7QU/'
DEBUG:root:[Errno 2] No such file or directory: '/home/tripptd/spotify/audio_analysis/7Xy/'
DEBUG:root:[Errno 2] No such file or directory: '/home/tripptd/spotify/audio_analysis/7Wq/'
DEBUG:root:[Errno 2] No such file or directory: '/home/tripptd/spotify/audio_analysis/7UY/'
DEBUG:root:[Errno 2] No such file or directory: '/home/tripptd/spotify/audio_analysis/7ZB/'
DEBUG:root:[Errno 2] No such file or directory: '/home/tripptd/spotify/audio_analysis/7Xo/'
DEBUG:root:[Errno 2] No such file or directory: '/home/tripptd/spotify/audio_analysis/7Xl/'
DEBUG:root:[Errno 2] No such file or directory: '/home/tripptd/spotify/audio_analysis/7Zz/'
DEBUG:root:[Errno 2] No such file or directory: '/home/tripptd/spotify/audio_analysis/7VL/'
DEBUG:root:[Errno 2] No such file or directory: '/home/tripptd/spotify/audio_analysis/7ZB/'
DEBUG:root:[Errno 2] No such file or directory: '/home/tripptd/spotify/audio_analysis/7OG/'
DEBUG:root:[Errno 2] No such file or directory: '/home/tripptd/spotify/audio_analysis/7XH/'
DEBUG:root:[Errno 2] No such file or directory: '/home/tripptd/spotify/audio_analysis/7Qe/'
DEBUG:root:[Errno 2] No such file or directory: '/home/tripptd/spotify/audio_analysis/7QT/'
DEBUG:root:[Errno 2] No such file or directory: '/home/tripptd/spotify/audio_analysis/7Vi/'
DEBUG:root:[Errno 2] No such file or directory: '/home/tripptd/spotify/audio_analysis/7Ry/'
DEBUG:root:[Errno 2] No such file or directory: '/home/tripptd/spotify/audio_analysis/7UN/'
DEBUG:root:[Errno 2] No such file or directory: '/home/tripptd/spotify/audio_analysis/7YF/'
DEBUG:root:[Errno 2] No such file or directory: '/home/tripptd/spotify/audio_analysis/7Ow/'
DEBUG:root:[Errno 2] No such file or directory: '/home/tripptd/spotify/audio_analysis/7Vx/'
DEBUG:root:[Errno 2] No such file or directory: '/home/tripptd/spotify/audio_analysis/7SJ/'
DEBUG:root:[Errno 2] No such file or directory: '/home/tripptd/spotify/audio_analysis/7T5/'
DEBUG:root:Not a gzipped file (b'{"')
DEBUG:root:[Errno 2] No such file or directory: '/home/tripptd/spotify/audio_analysis/7UV/'
DEBUG:root:[Errno 2] No such file or directory: '/home/tripptd/spotify/audio_analysis/7Yh/'
DEBUG:root:[Errno 2] No such file or directory: '/home/tripptd/spotify/audio_analysis/7Sh/'
DEBUG:root:[Errno 2] No such file or directory: '/home/tripptd/spotify/audio_analysis/7Pf/'
